Using pre-set license
Built from '2020.3/staging' branch; Version is '2020.3.9f1 (108be757e447) revision 1084391'; Using compiler version '192528614'; Build Type 'Release'
OS: 'Windows 10 Pro; OS build 19041.1083; Version 2004; 64bit' Language: 'zh' Physical Memory: 16332 MB
BatchMode: 1, IsHumanControllingUs: 0, StartBugReporterOnCrash: 0, Is64bit: 1, IsPro: 0

 COMMAND LINE ARGUMENTS:
C:\Program Files\Unity\Hub\Editor\2020.3.9f1\Editor\Unity.exe
-adb2
-batchMode
-noUpm
-name
AssetImportWorker1
-projectPath
D:/dev/unity-projects/wfc-editor
-logFile
Logs/AssetImportWorker1.log
-srvPort
3618
Successfully changed project path to: D:/dev/unity-projects/wfc-editor
D:/dev/unity-projects/wfc-editor
Using Asset Import Pipeline V2.
Refreshing native plugins compatible for Editor in 12.80 ms, found 0 plugins.
Preloading 0 native plugins for Editor in 0.00 ms.
Initialize engine version: 2020.3.9f1 (108be757e447)
[Subsystems] Discovering subsystems at path C:/Program Files/Unity/Hub/Editor/2020.3.9f1/Editor/Data/Resources/UnitySubsystems
[Subsystems] Discovering subsystems at path D:/dev/unity-projects/wfc-editor/Assets
GfxDevice: creating device client; threaded=0
Direct3D:
    Version:  Direct3D 11.0 [level 11.1]
    Renderer: NVIDIA GeForce GTX 1660 (ID=0x2184)
    Vendor:   
    VRAM:     5991 MB
    Driver:   27.21.14.5671
Initialize mono
Mono path[0] = 'C:/Program Files/Unity/Hub/Editor/2020.3.9f1/Editor/Data/Managed'
Mono path[1] = 'C:/Program Files/Unity/Hub/Editor/2020.3.9f1/Editor/Data/MonoBleedingEdge/lib/mono/unityjit'
Mono config path = 'C:/Program Files/Unity/Hub/Editor/2020.3.9f1/Editor/Data/MonoBleedingEdge/etc'
Using monoOptions --debugger-agent=transport=dt_socket,embedding=1,server=y,suspend=n,address=127.0.0.1:56088
Begin MonoManager ReloadAssembly
Registering precompiled unity dll's ...
Register platform support module: C:/Program Files/Unity/Hub/Editor/2020.3.9f1/Editor/Data/PlaybackEngines/WindowsStandaloneSupport/UnityEditor.WindowsStandalone.Extensions.dll
Registered in 0.001651 seconds.
Native extension for WindowsStandalone target not found
Refreshing native plugins compatible for Editor in 12.20 ms, found 0 plugins.
Preloading 0 native plugins for Editor in 0.00 ms.
Mono: successfully reloaded assembly
- Completed reload, in 14.885 seconds
Platform modules already initialized, skipping
Registering precompiled user dll's ...
Registered in 0.000353 seconds.
Begin MonoManager ReloadAssembly
Native extension for WindowsStandalone target not found
Refreshing native plugins compatible for Editor in 0.18 ms, found 0 plugins.
Preloading 0 native plugins for Editor in 0.00 ms.
Mono: successfully reloaded assembly
- Completed reload, in  0.677 seconds
Platform modules already initialized, skipping
========================================================================
Worker process is ready to serve import requests
Launched and connected shader compiler UnityShaderCompiler.exe after 0.07 seconds
Refreshing native plugins compatible for Editor in 0.18 ms, found 0 plugins.
Preloading 0 native plugins for Editor in 0.00 ms.
Unloading 804 Unused Serialized files (Serialized files now loaded: 0)
System memory in use before: 58.6 MB.
System memory in use after: 58.6 MB.

Unloading 14 unused Assets to reduce memory usage. Loaded Objects now: 1244.
Total: 1.561500 ms (FindLiveObjects: 0.127900 ms CreateObjectMapping: 0.020600 ms MarkObjects: 1.334900 ms  DeleteObjects: 0.076400 ms)

========================================================================
Received Import Request.
  path: Assets/_StaticAssets/CustomModuleData.asset
  artifactKey: Guid(34b5ab6780eb3a44ba6e810c2b7bf359) Importer(815301076,1909f56bfc062723c751e8b465ee728b)
Start importing Assets/_StaticAssets/CustomModuleData.asset using Guid(34b5ab6780eb3a44ba6e810c2b7bf359) Importer(815301076,1909f56bfc062723c751e8b465ee728b)  -> (artifact id: '7ef16db34494c98047a482b1cbddb25c') in 0.055169 seconds
  Import took 0.057268 seconds .

========================================================================
Received Prepare
Registering precompiled user dll's ...
Registered in 0.000318 seconds.
Begin MonoManager ReloadAssembly
Native extension for WindowsStandalone target not found
Refreshing native plugins compatible for Editor in 0.19 ms, found 0 plugins.
Preloading 0 native plugins for Editor in 0.00 ms.
Mono: successfully reloaded assembly
- Completed reload, in  0.675 seconds
Platform modules already initialized, skipping
Refreshing native plugins compatible for Editor in 0.24 ms, found 0 plugins.
Preloading 0 native plugins for Editor in 0.00 ms.
Unloading 772 Unused Serialized files (Serialized files now loaded: 0)
System memory in use before: 55.9 MB.
System memory in use after: 56.0 MB.

Unloading 9 unused Assets to reduce memory usage. Loaded Objects now: 1247.
Total: 1.901100 ms (FindLiveObjects: 0.290700 ms CreateObjectMapping: 0.025700 ms MarkObjects: 1.562800 ms  DeleteObjects: 0.020100 ms)

========================================================================
Received Prepare
Registering precompiled user dll's ...
Registered in 0.000362 seconds.
Begin MonoManager ReloadAssembly
Native extension for WindowsStandalone target not found
Refreshing native plugins compatible for Editor in 0.27 ms, found 0 plugins.
Preloading 0 native plugins for Editor in 0.00 ms.
Mono: successfully reloaded assembly
- Completed reload, in  0.656 seconds
Platform modules already initialized, skipping
Refreshing native plugins compatible for Editor in 0.21 ms, found 0 plugins.
Preloading 0 native plugins for Editor in 0.00 ms.
Unloading 772 Unused Serialized files (Serialized files now loaded: 0)
System memory in use before: 55.9 MB.
System memory in use after: 56.0 MB.

Unloading 9 unused Assets to reduce memory usage. Loaded Objects now: 1250.
Total: 1.541100 ms (FindLiveObjects: 0.122100 ms CreateObjectMapping: 0.017800 ms MarkObjects: 1.385700 ms  DeleteObjects: 0.014400 ms)

========================================================================
Received Prepare
Registering precompiled user dll's ...
Registered in 0.000346 seconds.
Begin MonoManager ReloadAssembly
Native extension for WindowsStandalone target not found
Refreshing native plugins compatible for Editor in 0.19 ms, found 0 plugins.
Preloading 0 native plugins for Editor in 0.00 ms.
Mono: successfully reloaded assembly
- Completed reload, in  0.650 seconds
Platform modules already initialized, skipping
Refreshing native plugins compatible for Editor in 0.20 ms, found 0 plugins.
Preloading 0 native plugins for Editor in 0.00 ms.
Unloading 772 Unused Serialized files (Serialized files now loaded: 0)
System memory in use before: 55.9 MB.
System memory in use after: 56.0 MB.

Unloading 9 unused Assets to reduce memory usage. Loaded Objects now: 1253.
Total: 1.519600 ms (FindLiveObjects: 0.165900 ms CreateObjectMapping: 0.024000 ms MarkObjects: 1.312900 ms  DeleteObjects: 0.015900 ms)

========================================================================
Received Prepare
Registering precompiled user dll's ...
Registered in 0.000360 seconds.
Begin MonoManager ReloadAssembly
Native extension for WindowsStandalone target not found
Refreshing native plugins compatible for Editor in 0.22 ms, found 0 plugins.
Preloading 0 native plugins for Editor in 0.00 ms.
Mono: successfully reloaded assembly
- Completed reload, in  0.651 seconds
Platform modules already initialized, skipping
Refreshing native plugins compatible for Editor in 0.22 ms, found 0 plugins.
Preloading 0 native plugins for Editor in 0.00 ms.
Unloading 772 Unused Serialized files (Serialized files now loaded: 0)
System memory in use before: 56.0 MB.
System memory in use after: 56.0 MB.

Unloading 9 unused Assets to reduce memory usage. Loaded Objects now: 1256.
Total: 1.535600 ms (FindLiveObjects: 0.134500 ms CreateObjectMapping: 0.023500 ms MarkObjects: 1.359200 ms  DeleteObjects: 0.017400 ms)

========================================================================
Received Prepare
Registering precompiled user dll's ...
Registered in 0.000335 seconds.
Begin MonoManager ReloadAssembly
Native extension for WindowsStandalone target not found
Refreshing native plugins compatible for Editor in 0.25 ms, found 0 plugins.
Preloading 0 native plugins for Editor in 0.00 ms.
Mono: successfully reloaded assembly
- Completed reload, in  0.652 seconds
Platform modules already initialized, skipping
Refreshing native plugins compatible for Editor in 0.18 ms, found 0 plugins.
Preloading 0 native plugins for Editor in 0.00 ms.
Unloading 772 Unused Serialized files (Serialized files now loaded: 0)
System memory in use before: 56.0 MB.
System memory in use after: 56.0 MB.

Unloading 9 unused Assets to reduce memory usage. Loaded Objects now: 1259.
Total: 1.356200 ms (FindLiveObjects: 0.111900 ms CreateObjectMapping: 0.016000 ms MarkObjects: 1.206200 ms  DeleteObjects: 0.021300 ms)

========================================================================
Received Prepare
Registering precompiled user dll's ...
Registered in 0.000355 seconds.
Begin MonoManager ReloadAssembly
Native extension for WindowsStandalone target not found
Refreshing native plugins compatible for Editor in 0.19 ms, found 0 plugins.
Preloading 0 native plugins for Editor in 0.00 ms.
Mono: successfully reloaded assembly
- Completed reload, in  0.639 seconds
Platform modules already initialized, skipping
Refreshing native plugins compatible for Editor in 0.18 ms, found 0 plugins.
Preloading 0 native plugins for Editor in 0.00 ms.
Unloading 772 Unused Serialized files (Serialized files now loaded: 0)
System memory in use before: 56.0 MB.
System memory in use after: 56.0 MB.

Unloading 9 unused Assets to reduce memory usage. Loaded Objects now: 1262.
Total: 1.350000 ms (FindLiveObjects: 0.126600 ms CreateObjectMapping: 0.018300 ms MarkObjects: 1.190400 ms  DeleteObjects: 0.013500 ms)

========================================================================
Received Prepare
Registering precompiled user dll's ...
Registered in 0.000362 seconds.
Begin MonoManager ReloadAssembly
Native extension for WindowsStandalone target not found
Refreshing native plugins compatible for Editor in 0.20 ms, found 0 plugins.
Preloading 0 native plugins for Editor in 0.00 ms.
Mono: successfully reloaded assembly
- Completed reload, in  0.700 seconds
Platform modules already initialized, skipping
Refreshing native plugins compatible for Editor in 0.24 ms, found 0 plugins.
Preloading 0 native plugins for Editor in 0.00 ms.
Unloading 772 Unused Serialized files (Serialized files now loaded: 0)
System memory in use before: 56.0 MB.
System memory in use after: 56.0 MB.

Unloading 9 unused Assets to reduce memory usage. Loaded Objects now: 1265.
Total: 2.583100 ms (FindLiveObjects: 0.372700 ms CreateObjectMapping: 0.044800 ms MarkObjects: 2.137100 ms  DeleteObjects: 0.024300 ms)

========================================================================
Received Import Request.
  Time since last request: 655.480251 seconds.
  path: Assets/_StaticAssets/CustomModuleData.asset
  artifactKey: Guid(34b5ab6780eb3a44ba6e810c2b7bf359) Importer(815301076,1909f56bfc062723c751e8b465ee728b)
Start importing Assets/_StaticAssets/CustomModuleData.asset using Guid(34b5ab6780eb3a44ba6e810c2b7bf359) Importer(815301076,1909f56bfc062723c751e8b465ee728b)  -> (artifact id: '6f1aedfba4207f1a05295fc016b2be07') in 0.034388 seconds
  Import took 0.058629 seconds .

========================================================================
Received Prepare
Registering precompiled user dll's ...
Registered in 0.000418 seconds.
Begin MonoManager ReloadAssembly
Native extension for WindowsStandalone target not found
Refreshing native plugins compatible for Editor in 0.20 ms, found 0 plugins.
Preloading 0 native plugins for Editor in 0.00 ms.
Mono: successfully reloaded assembly
- Completed reload, in  0.648 seconds
Platform modules already initialized, skipping
Refreshing native plugins compatible for Editor in 0.21 ms, found 0 plugins.
Preloading 0 native plugins for Editor in 0.00 ms.
Unloading 772 Unused Serialized files (Serialized files now loaded: 0)
System memory in use before: 56.0 MB.
System memory in use after: 56.0 MB.

Unloading 9 unused Assets to reduce memory usage. Loaded Objects now: 1268.
Total: 1.530000 ms (FindLiveObjects: 0.118800 ms CreateObjectMapping: 0.018900 ms MarkObjects: 1.376700 ms  DeleteObjects: 0.014800 ms)

========================================================================
Received Prepare
Registering precompiled user dll's ...
Registered in 0.000436 seconds.
Begin MonoManager ReloadAssembly
Native extension for WindowsStandalone target not found
Refreshing native plugins compatible for Editor in 0.19 ms, found 0 plugins.
Preloading 0 native plugins for Editor in 0.00 ms.
Mono: successfully reloaded assembly
- Completed reload, in  0.689 seconds
Platform modules already initialized, skipping
Refreshing native plugins compatible for Editor in 0.22 ms, found 0 plugins.
Preloading 0 native plugins for Editor in 0.00 ms.
Unloading 772 Unused Serialized files (Serialized files now loaded: 0)
System memory in use before: 56.0 MB.
System memory in use after: 56.0 MB.

Unloading 9 unused Assets to reduce memory usage. Loaded Objects now: 1271.
Total: 1.599600 ms (FindLiveObjects: 0.125800 ms CreateObjectMapping: 0.019400 ms MarkObjects: 1.437800 ms  DeleteObjects: 0.015800 ms)

========================================================================
Received Prepare
Registering precompiled user dll's ...
Registered in 0.000338 seconds.
Begin MonoManager ReloadAssembly
Native extension for WindowsStandalone target not found
Refreshing native plugins compatible for Editor in 0.19 ms, found 0 plugins.
Preloading 0 native plugins for Editor in 0.00 ms.
Mono: successfully reloaded assembly
- Completed reload, in  0.695 seconds
Platform modules already initialized, skipping
Refreshing native plugins compatible for Editor in 0.23 ms, found 0 plugins.
Preloading 0 native plugins for Editor in 0.00 ms.
Unloading 772 Unused Serialized files (Serialized files now loaded: 0)
System memory in use before: 56.0 MB.
System memory in use after: 56.1 MB.

Unloading 9 unused Assets to reduce memory usage. Loaded Objects now: 1274.
Total: 1.572600 ms (FindLiveObjects: 0.160500 ms CreateObjectMapping: 0.022900 ms MarkObjects: 1.365600 ms  DeleteObjects: 0.018800 ms)

========================================================================
Received Import Request.
  Time since last request: 281.243192 seconds.
  path: Assets/_StaticAssets/CustomModuleData.asset
  artifactKey: Guid(34b5ab6780eb3a44ba6e810c2b7bf359) Importer(815301076,1909f56bfc062723c751e8b465ee728b)
Start importing Assets/_StaticAssets/CustomModuleData.asset using Guid(34b5ab6780eb3a44ba6e810c2b7bf359) Importer(815301076,1909f56bfc062723c751e8b465ee728b)  -> (artifact id: '0d52e206a2c63b5f6295677f75754a2a') in 0.021897 seconds
  Import took 0.024140 seconds .

========================================================================
Received Import Request.
  Time since last request: 19.157773 seconds.
  path: Assets/_StaticAssets
  artifactKey: Guid(f10163e2e6fe9ab41af2a0855566e934) Importer(815301076,1909f56bfc062723c751e8b465ee728b)
Start importing Assets/_StaticAssets using Guid(f10163e2e6fe9ab41af2a0855566e934) Importer(815301076,1909f56bfc062723c751e8b465ee728b)  -> (artifact id: 'b9d532216071e03946e88ee5b2e2d5a8') in 0.002028 seconds
  Import took 0.010642 seconds .

========================================================================
Received Import Request.
  Time since last request: 0.000910 seconds.
  path: Assets/_StaticAssets
  artifactKey: Guid(f10163e2e6fe9ab41af2a0855566e934) Importer(815301076,1909f56bfc062723c751e8b465ee728b)
Start importing Assets/_StaticAssets using Guid(f10163e2e6fe9ab41af2a0855566e934) Importer(815301076,1909f56bfc062723c751e8b465ee728b)  -> (artifact id: 'b9d532216071e03946e88ee5b2e2d5a8') in 0.001173 seconds
  Import took 0.002063 seconds .

========================================================================
Received Prepare
Registering precompiled user dll's ...
Registered in 0.000359 seconds.
Begin MonoManager ReloadAssembly
Native extension for WindowsStandalone target not found
Refreshing native plugins compatible for Editor in 0.19 ms, found 0 plugins.
Preloading 0 native plugins for Editor in 0.00 ms.
Mono: successfully reloaded assembly
- Completed reload, in  0.652 seconds
Platform modules already initialized, skipping
Refreshing native plugins compatible for Editor in 0.21 ms, found 0 plugins.
Preloading 0 native plugins for Editor in 0.00 ms.
Unloading 772 Unused Serialized files (Serialized files now loaded: 0)
System memory in use before: 56.0 MB.
System memory in use after: 56.0 MB.

Unloading 9 unused Assets to reduce memory usage. Loaded Objects now: 1277.
Total: 1.553700 ms (FindLiveObjects: 0.174900 ms CreateObjectMapping: 0.022700 ms MarkObjects: 1.339000 ms  DeleteObjects: 0.016300 ms)

========================================================================
Received Prepare
Registering precompiled user dll's ...
Registered in 0.000728 seconds.
Begin MonoManager ReloadAssembly
Native extension for WindowsStandalone target not found
Refreshing native plugins compatible for Editor in 0.20 ms, found 0 plugins.
Preloading 0 native plugins for Editor in 0.00 ms.
Mono: successfully reloaded assembly
- Completed reload, in  0.690 seconds
Platform modules already initialized, skipping
Refreshing native plugins compatible for Editor in 0.24 ms, found 0 plugins.
Preloading 0 native plugins for Editor in 0.00 ms.
Unloading 772 Unused Serialized files (Serialized files now loaded: 0)
System memory in use before: 56.0 MB.
System memory in use after: 56.0 MB.

Unloading 9 unused Assets to reduce memory usage. Loaded Objects now: 1280.
Total: 2.611600 ms (FindLiveObjects: 0.121900 ms CreateObjectMapping: 0.021100 ms MarkObjects: 2.445300 ms  DeleteObjects: 0.022200 ms)

========================================================================
Received Prepare
Registering precompiled user dll's ...
Registered in 0.000415 seconds.
Begin MonoManager ReloadAssembly
Native extension for WindowsStandalone target not found
Refreshing native plugins compatible for Editor in 0.19 ms, found 0 plugins.
Preloading 0 native plugins for Editor in 0.00 ms.
Mono: successfully reloaded assembly
- Completed reload, in  0.755 seconds
Platform modules already initialized, skipping
Refreshing native plugins compatible for Editor in 0.21 ms, found 0 plugins.
Preloading 0 native plugins for Editor in 0.00 ms.
Unloading 772 Unused Serialized files (Serialized files now loaded: 0)
System memory in use before: 56.0 MB.
System memory in use after: 56.1 MB.

Unloading 9 unused Assets to reduce memory usage. Loaded Objects now: 1283.
Total: 1.684100 ms (FindLiveObjects: 0.170500 ms CreateObjectMapping: 0.027300 ms MarkObjects: 1.467500 ms  DeleteObjects: 0.017200 ms)

========================================================================
Received Prepare
Registering precompiled user dll's ...
Registered in 0.000422 seconds.
Begin MonoManager ReloadAssembly
Native extension for WindowsStandalone target not found
Refreshing native plugins compatible for Editor in 0.20 ms, found 0 plugins.
Preloading 0 native plugins for Editor in 0.00 ms.
Mono: successfully reloaded assembly
- Completed reload, in  0.669 seconds
Platform modules already initialized, skipping
Refreshing native plugins compatible for Editor in 0.22 ms, found 0 plugins.
Preloading 0 native plugins for Editor in 0.00 ms.
Unloading 772 Unused Serialized files (Serialized files now loaded: 0)
System memory in use before: 56.0 MB.
System memory in use after: 56.1 MB.

Unloading 9 unused Assets to reduce memory usage. Loaded Objects now: 1286.
Total: 1.504000 ms (FindLiveObjects: 0.122600 ms CreateObjectMapping: 0.019300 ms MarkObjects: 1.345300 ms  DeleteObjects: 0.016000 ms)

========================================================================
Received Prepare
Registering precompiled user dll's ...
Registered in 0.000318 seconds.
Begin MonoManager ReloadAssembly
Native extension for WindowsStandalone target not found
Refreshing native plugins compatible for Editor in 0.18 ms, found 0 plugins.
Preloading 0 native plugins for Editor in 0.00 ms.
Mono: successfully reloaded assembly
- Completed reload, in  0.657 seconds
Platform modules already initialized, skipping
Refreshing native plugins compatible for Editor in 0.21 ms, found 0 plugins.
Preloading 0 native plugins for Editor in 0.00 ms.
Unloading 772 Unused Serialized files (Serialized files now loaded: 0)
System memory in use before: 56.0 MB.
System memory in use after: 56.1 MB.

Unloading 9 unused Assets to reduce memory usage. Loaded Objects now: 1289.
Total: 1.465200 ms (FindLiveObjects: 0.164700 ms CreateObjectMapping: 0.018900 ms MarkObjects: 1.264800 ms  DeleteObjects: 0.016000 ms)

========================================================================
Received Prepare
Registering precompiled user dll's ...
Registered in 0.000403 seconds.
Begin MonoManager ReloadAssembly
Native extension for WindowsStandalone target not found
Refreshing native plugins compatible for Editor in 0.19 ms, found 0 plugins.
Preloading 0 native plugins for Editor in 0.00 ms.
Mono: successfully reloaded assembly
- Completed reload, in  0.663 seconds
Platform modules already initialized, skipping
Refreshing native plugins compatible for Editor in 0.23 ms, found 0 plugins.
Preloading 0 native plugins for Editor in 0.00 ms.
Unloading 772 Unused Serialized files (Serialized files now loaded: 0)
System memory in use before: 56.1 MB.
System memory in use after: 56.1 MB.

Unloading 9 unused Assets to reduce memory usage. Loaded Objects now: 1292.
Total: 1.500400 ms (FindLiveObjects: 0.157300 ms CreateObjectMapping: 0.023100 ms MarkObjects: 1.303400 ms  DeleteObjects: 0.015600 ms)

========================================================================
Received Prepare
Registering precompiled user dll's ...
Registered in 0.000453 seconds.
Begin MonoManager ReloadAssembly
Native extension for WindowsStandalone target not found
Refreshing native plugins compatible for Editor in 0.18 ms, found 0 plugins.
Preloading 0 native plugins for Editor in 0.00 ms.
Mono: successfully reloaded assembly
- Completed reload, in  0.645 seconds
Platform modules already initialized, skipping
Refreshing native plugins compatible for Editor in 0.23 ms, found 0 plugins.
Preloading 0 native plugins for Editor in 0.00 ms.
Unloading 772 Unused Serialized files (Serialized files now loaded: 0)
System memory in use before: 56.0 MB.
System memory in use after: 56.1 MB.

Unloading 9 unused Assets to reduce memory usage. Loaded Objects now: 1295.
Total: 1.620400 ms (FindLiveObjects: 0.119600 ms CreateObjectMapping: 0.022800 ms MarkObjects: 1.462700 ms  DeleteObjects: 0.014100 ms)

========================================================================
Received Prepare
Registering precompiled user dll's ...
Registered in 0.000414 seconds.
Begin MonoManager ReloadAssembly
Native extension for WindowsStandalone target not found
Refreshing native plugins compatible for Editor in 0.20 ms, found 0 plugins.
Preloading 0 native plugins for Editor in 0.00 ms.
Mono: successfully reloaded assembly
- Completed reload, in  0.641 seconds
Platform modules already initialized, skipping
Refreshing native plugins compatible for Editor in 0.22 ms, found 0 plugins.
Preloading 0 native plugins for Editor in 0.00 ms.
Unloading 772 Unused Serialized files (Serialized files now loaded: 0)
System memory in use before: 56.0 MB.
System memory in use after: 56.1 MB.

Unloading 9 unused Assets to reduce memory usage. Loaded Objects now: 1298.
Total: 1.623900 ms (FindLiveObjects: 0.175600 ms CreateObjectMapping: 0.025000 ms MarkObjects: 1.403600 ms  DeleteObjects: 0.019000 ms)

========================================================================
Received Import Request.
  Time since last request: 563.450118 seconds.
  path: Assets/_StaticAssets/CustomModuleData.asset
  artifactKey: Guid(34b5ab6780eb3a44ba6e810c2b7bf359) Importer(815301076,1909f56bfc062723c751e8b465ee728b)
Start importing Assets/_StaticAssets/CustomModuleData.asset using Guid(34b5ab6780eb3a44ba6e810c2b7bf359) Importer(815301076,1909f56bfc062723c751e8b465ee728b)  -> (artifact id: '3c5c2f85ea4a1c8927c872d1d4884ebc') in 0.036008 seconds
  Import took 0.047881 seconds .

========================================================================
Received Prepare
Registering precompiled user dll's ...
Registered in 0.000333 seconds.
Begin MonoManager ReloadAssembly
Native extension for WindowsStandalone target not found
Refreshing native plugins compatible for Editor in 0.20 ms, found 0 plugins.
Preloading 0 native plugins for Editor in 0.00 ms.
Mono: successfully reloaded assembly
- Completed reload, in  0.657 seconds
Platform modules already initialized, skipping
Refreshing native plugins compatible for Editor in 0.24 ms, found 0 plugins.
Preloading 0 native plugins for Editor in 0.00 ms.
Unloading 772 Unused Serialized files (Serialized files now loaded: 0)
System memory in use before: 56.1 MB.
System memory in use after: 56.1 MB.

Unloading 9 unused Assets to reduce memory usage. Loaded Objects now: 1301.
Total: 1.660800 ms (FindLiveObjects: 0.144900 ms CreateObjectMapping: 0.025300 ms MarkObjects: 1.475000 ms  DeleteObjects: 0.014800 ms)

========================================================================
Received Prepare
Registering precompiled user dll's ...
Registered in 0.000452 seconds.
Begin MonoManager ReloadAssembly
Native extension for WindowsStandalone target not found
Refreshing native plugins compatible for Editor in 0.26 ms, found 0 plugins.
Preloading 0 native plugins for Editor in 0.00 ms.
Mono: successfully reloaded assembly
- Completed reload, in  0.701 seconds
Platform modules already initialized, skipping
Refreshing native plugins compatible for Editor in 0.20 ms, found 0 plugins.
Preloading 0 native plugins for Editor in 0.00 ms.
Unloading 772 Unused Serialized files (Serialized files now loaded: 0)
System memory in use before: 56.0 MB.
System memory in use after: 56.1 MB.

Unloading 9 unused Assets to reduce memory usage. Loaded Objects now: 1304.
Total: 1.685300 ms (FindLiveObjects: 0.152300 ms CreateObjectMapping: 0.020200 ms MarkObjects: 1.491600 ms  DeleteObjects: 0.019300 ms)

========================================================================
Received Prepare
Registering precompiled user dll's ...
Registered in 0.000378 seconds.
Begin MonoManager ReloadAssembly
Native extension for WindowsStandalone target not found
Refreshing native plugins compatible for Editor in 0.20 ms, found 0 plugins.
Preloading 0 native plugins for Editor in 0.00 ms.
Mono: successfully reloaded assembly
- Completed reload, in  0.637 seconds
Platform modules already initialized, skipping
Refreshing native plugins compatible for Editor in 0.18 ms, found 0 plugins.
Preloading 0 native plugins for Editor in 0.00 ms.
Unloading 772 Unused Serialized files (Serialized files now loaded: 0)
System memory in use before: 56.0 MB.
System memory in use after: 56.1 MB.

Unloading 9 unused Assets to reduce memory usage. Loaded Objects now: 1307.
Total: 1.560500 ms (FindLiveObjects: 0.122800 ms CreateObjectMapping: 0.020800 ms MarkObjects: 1.401100 ms  DeleteObjects: 0.014800 ms)

========================================================================
Received Import Request.
  Time since last request: 144.986131 seconds.
  path: Assets/_StaticAssets/CustomModuleData.asset
  artifactKey: Guid(34b5ab6780eb3a44ba6e810c2b7bf359) Importer(815301076,1909f56bfc062723c751e8b465ee728b)
Start importing Assets/_StaticAssets/CustomModuleData.asset using Guid(34b5ab6780eb3a44ba6e810c2b7bf359) Importer(815301076,1909f56bfc062723c751e8b465ee728b)  -> (artifact id: '35880e2732957f7e11baa7145b867daa') in 0.025399 seconds
  Import took 0.040299 seconds .

========================================================================
Received Prepare
Registering precompiled user dll's ...
Registered in 0.000410 seconds.
Begin MonoManager ReloadAssembly
Native extension for WindowsStandalone target not found
Refreshing native plugins compatible for Editor in 0.19 ms, found 0 plugins.
Preloading 0 native plugins for Editor in 0.00 ms.
Mono: successfully reloaded assembly
- Completed reload, in  0.659 seconds
Platform modules already initialized, skipping
Refreshing native plugins compatible for Editor in 0.22 ms, found 0 plugins.
Preloading 0 native plugins for Editor in 0.00 ms.
Unloading 772 Unused Serialized files (Serialized files now loaded: 0)
System memory in use before: 56.1 MB.
System memory in use after: 56.1 MB.

Unloading 9 unused Assets to reduce memory usage. Loaded Objects now: 1310.
Total: 2.057100 ms (FindLiveObjects: 0.161600 ms CreateObjectMapping: 0.026300 ms MarkObjects: 1.845900 ms  DeleteObjects: 0.021500 ms)

========================================================================
Received Prepare
Registering precompiled user dll's ...
Registered in 0.000364 seconds.
Begin MonoManager ReloadAssembly
Native extension for WindowsStandalone target not found
Refreshing native plugins compatible for Editor in 0.19 ms, found 0 plugins.
Preloading 0 native plugins for Editor in 0.00 ms.
Mono: successfully reloaded assembly
- Completed reload, in  0.634 seconds
Platform modules already initialized, skipping
Refreshing native plugins compatible for Editor in 0.25 ms, found 0 plugins.
Preloading 0 native plugins for Editor in 0.00 ms.
Unloading 772 Unused Serialized files (Serialized files now loaded: 0)
System memory in use before: 56.1 MB.
System memory in use after: 56.1 MB.

Unloading 9 unused Assets to reduce memory usage. Loaded Objects now: 1313.
Total: 1.544000 ms (FindLiveObjects: 0.170700 ms CreateObjectMapping: 0.019900 ms MarkObjects: 1.337500 ms  DeleteObjects: 0.014900 ms)

========================================================================
Received Prepare
Registering precompiled user dll's ...
Registered in 0.000484 seconds.
Begin MonoManager ReloadAssembly
Native extension for WindowsStandalone target not found
Refreshing native plugins compatible for Editor in 0.19 ms, found 0 plugins.
Preloading 0 native plugins for Editor in 0.00 ms.
Mono: successfully reloaded assembly
- Completed reload, in  0.656 seconds
Platform modules already initialized, skipping
Refreshing native plugins compatible for Editor in 0.21 ms, found 0 plugins.
Preloading 0 native plugins for Editor in 0.00 ms.
Unloading 772 Unused Serialized files (Serialized files now loaded: 0)
System memory in use before: 56.1 MB.
System memory in use after: 56.1 MB.

Unloading 9 unused Assets to reduce memory usage. Loaded Objects now: 1316.
Total: 1.396700 ms (FindLiveObjects: 0.126100 ms CreateObjectMapping: 0.021900 ms MarkObjects: 1.233700 ms  DeleteObjects: 0.014100 ms)

========================================================================
Received Prepare
Registering precompiled user dll's ...
Registered in 0.000355 seconds.
Begin MonoManager ReloadAssembly
Native extension for WindowsStandalone target not found
Refreshing native plugins compatible for Editor in 0.27 ms, found 0 plugins.
Preloading 0 native plugins for Editor in 0.00 ms.
Mono: successfully reloaded assembly
- Completed reload, in  0.675 seconds
Platform modules already initialized, skipping
Refreshing native plugins compatible for Editor in 0.27 ms, found 0 plugins.
Preloading 0 native plugins for Editor in 0.00 ms.
Unloading 772 Unused Serialized files (Serialized files now loaded: 0)
System memory in use before: 56.1 MB.
System memory in use after: 56.1 MB.

Unloading 9 unused Assets to reduce memory usage. Loaded Objects now: 1319.
Total: 1.564300 ms (FindLiveObjects: 0.189100 ms CreateObjectMapping: 0.020100 ms MarkObjects: 1.337300 ms  DeleteObjects: 0.016300 ms)

========================================================================
Received Prepare
Registering precompiled user dll's ...
Registered in 0.000387 seconds.
Begin MonoManager ReloadAssembly
Native extension for WindowsStandalone target not found
Refreshing native plugins compatible for Editor in 0.25 ms, found 0 plugins.
Preloading 0 native plugins for Editor in 0.00 ms.
Mono: successfully reloaded assembly
- Completed reload, in  0.695 seconds
Platform modules already initialized, skipping
Refreshing native plugins compatible for Editor in 0.22 ms, found 0 plugins.
Preloading 0 native plugins for Editor in 0.00 ms.
Unloading 772 Unused Serialized files (Serialized files now loaded: 0)
System memory in use before: 56.1 MB.
System memory in use after: 56.1 MB.

Unloading 9 unused Assets to reduce memory usage. Loaded Objects now: 1322.
Total: 1.724100 ms (FindLiveObjects: 0.173900 ms CreateObjectMapping: 0.024000 ms MarkObjects: 1.508300 ms  DeleteObjects: 0.017200 ms)

========================================================================
Received Prepare
Registering precompiled user dll's ...
Registered in 0.000377 seconds.
Begin MonoManager ReloadAssembly
Native extension for WindowsStandalone target not found
Refreshing native plugins compatible for Editor in 0.18 ms, found 0 plugins.
Preloading 0 native plugins for Editor in 0.00 ms.
Mono: successfully reloaded assembly
- Completed reload, in  0.651 seconds
Platform modules already initialized, skipping
Refreshing native plugins compatible for Editor in 0.21 ms, found 0 plugins.
Preloading 0 native plugins for Editor in 0.00 ms.
Unloading 772 Unused Serialized files (Serialized files now loaded: 0)
System memory in use before: 56.1 MB.
System memory in use after: 56.1 MB.

Unloading 9 unused Assets to reduce memory usage. Loaded Objects now: 1325.
Total: 1.914000 ms (FindLiveObjects: 0.248000 ms CreateObjectMapping: 0.036800 ms MarkObjects: 1.608700 ms  DeleteObjects: 0.019500 ms)

========================================================================
Received Import Request.
  Time since last request: 723.305294 seconds.
  path: Assets/_StaticAssets/CustomModuleData.asset
  artifactKey: Guid(34b5ab6780eb3a44ba6e810c2b7bf359) Importer(815301076,1909f56bfc062723c751e8b465ee728b)
Start importing Assets/_StaticAssets/CustomModuleData.asset using Guid(34b5ab6780eb3a44ba6e810c2b7bf359) Importer(815301076,1909f56bfc062723c751e8b465ee728b)  -> (artifact id: '78467c3b65a0103ae2a3663d4f723565') in 0.031577 seconds
  Import took 0.041513 seconds .

========================================================================
Received Prepare
Registering precompiled user dll's ...
Registered in 0.000316 seconds.
Begin MonoManager ReloadAssembly
Native extension for WindowsStandalone target not found
Refreshing native plugins compatible for Editor in 0.21 ms, found 0 plugins.
Preloading 0 native plugins for Editor in 0.00 ms.
Mono: successfully reloaded assembly
- Completed reload, in  0.666 seconds
Platform modules already initialized, skipping
Refreshing native plugins compatible for Editor in 0.23 ms, found 0 plugins.
Preloading 0 native plugins for Editor in 0.00 ms.
Unloading 772 Unused Serialized files (Serialized files now loaded: 0)
System memory in use before: 56.1 MB.
System memory in use after: 56.2 MB.

Unloading 9 unused Assets to reduce memory usage. Loaded Objects now: 1328.
Total: 1.437500 ms (FindLiveObjects: 0.137500 ms CreateObjectMapping: 0.019000 ms MarkObjects: 1.264700 ms  DeleteObjects: 0.015400 ms)

========================================================================
Received Prepare
Registering precompiled user dll's ...
Registered in 0.000354 seconds.
Begin MonoManager ReloadAssembly
Native extension for WindowsStandalone target not found
Refreshing native plugins compatible for Editor in 0.20 ms, found 0 plugins.
Preloading 0 native plugins for Editor in 0.00 ms.
Mono: successfully reloaded assembly
- Completed reload, in  0.662 seconds
Platform modules already initialized, skipping
Refreshing native plugins compatible for Editor in 0.19 ms, found 0 plugins.
Preloading 0 native plugins for Editor in 0.00 ms.
Unloading 772 Unused Serialized files (Serialized files now loaded: 0)
System memory in use before: 56.1 MB.
System memory in use after: 56.1 MB.

Unloading 9 unused Assets to reduce memory usage. Loaded Objects now: 1331.
Total: 1.422500 ms (FindLiveObjects: 0.138200 ms CreateObjectMapping: 0.019700 ms MarkObjects: 1.248900 ms  DeleteObjects: 0.014700 ms)

========================================================================
Received Prepare
Registering precompiled user dll's ...
Registered in 0.000477 seconds.
Begin MonoManager ReloadAssembly
Native extension for WindowsStandalone target not found
Refreshing native plugins compatible for Editor in 0.22 ms, found 0 plugins.
Preloading 0 native plugins for Editor in 0.00 ms.
Mono: successfully reloaded assembly
- Completed reload, in  0.642 seconds
Platform modules already initialized, skipping
Refreshing native plugins compatible for Editor in 0.28 ms, found 0 plugins.
Preloading 0 native plugins for Editor in 0.00 ms.
Unloading 772 Unused Serialized files (Serialized files now loaded: 0)
System memory in use before: 56.1 MB.
System memory in use after: 56.1 MB.

Unloading 9 unused Assets to reduce memory usage. Loaded Objects now: 1334.
Total: 1.555900 ms (FindLiveObjects: 0.130200 ms CreateObjectMapping: 0.019900 ms MarkObjects: 1.386700 ms  DeleteObjects: 0.017500 ms)

========================================================================
Received Import Request.
  Time since last request: 527.018873 seconds.
  path: Assets/_StaticAssets/CustomModuleData.asset
  artifactKey: Guid(34b5ab6780eb3a44ba6e810c2b7bf359) Importer(815301076,1909f56bfc062723c751e8b465ee728b)
Start importing Assets/_StaticAssets/CustomModuleData.asset using Guid(34b5ab6780eb3a44ba6e810c2b7bf359) Importer(815301076,1909f56bfc062723c751e8b465ee728b)  -> (artifact id: '8ad6853566496e318928b602b314bf6c') in 0.023827 seconds
  Import took 0.026092 seconds .

========================================================================
Received Import Request.
  Time since last request: 94.654501 seconds.
  path: Assets/_StaticAssets/CustomModuleData.asset
  artifactKey: Guid(34b5ab6780eb3a44ba6e810c2b7bf359) Importer(815301076,1909f56bfc062723c751e8b465ee728b)
Start importing Assets/_StaticAssets/CustomModuleData.asset using Guid(34b5ab6780eb3a44ba6e810c2b7bf359) Importer(815301076,1909f56bfc062723c751e8b465ee728b)  -> (artifact id: 'a3f1c34eeb778ab9bc448a6aaa28ab9b') in 0.006285 seconds
  Import took 0.008115 seconds .

========================================================================
Received Import Request.
  Time since last request: 25.014460 seconds.
  path: Assets/_StaticAssets/Modules.prefab
  artifactKey: Guid(725cfe7c328a8444fb1799957e7dd5d2) Importer(815301076,1909f56bfc062723c751e8b465ee728b)
Start importing Assets/_StaticAssets/Modules.prefab using Guid(725cfe7c328a8444fb1799957e7dd5d2) Importer(815301076,1909f56bfc062723c751e8b465ee728b)  -> (artifact id: 'ad429b8fb25ec231efcbf07d71327774') in 0.079531 seconds
  Import took 0.186724 seconds .

========================================================================
Received Import Request.
  Time since last request: 10.717803 seconds.
  path: Assets/_StaticAssets/CustomModuleData.asset
  artifactKey: Guid(34b5ab6780eb3a44ba6e810c2b7bf359) Importer(815301076,1909f56bfc062723c751e8b465ee728b)
Start importing Assets/_StaticAssets/CustomModuleData.asset using Guid(34b5ab6780eb3a44ba6e810c2b7bf359) Importer(815301076,1909f56bfc062723c751e8b465ee728b)  -> (artifact id: 'ce176ab4f7461cf9e496267d5460e86c') in 0.006269 seconds
  Import took 0.008207 seconds .

========================================================================
Received Import Request.
  Time since last request: 65.029809 seconds.
  path: Assets/_StaticAssets/CustomModuleData.asset
  artifactKey: Guid(34b5ab6780eb3a44ba6e810c2b7bf359) Importer(815301076,1909f56bfc062723c751e8b465ee728b)
Start importing Assets/_StaticAssets/CustomModuleData.asset using Guid(34b5ab6780eb3a44ba6e810c2b7bf359) Importer(815301076,1909f56bfc062723c751e8b465ee728b)  -> (artifact id: 'f4aded916e4a3ba9935a22617e71dc20') in 0.006624 seconds
  Import took 0.008708 seconds .

========================================================================
Received Import Request.
  Time since last request: 25.039438 seconds.
  path: Assets/_StaticAssets/Modules.prefab
  artifactKey: Guid(725cfe7c328a8444fb1799957e7dd5d2) Importer(815301076,1909f56bfc062723c751e8b465ee728b)
Start importing Assets/_StaticAssets/Modules.prefab using Guid(725cfe7c328a8444fb1799957e7dd5d2) Importer(815301076,1909f56bfc062723c751e8b465ee728b)  -> (artifact id: '43942d0a3f95b68ae15820a17ef835ad') in 0.013121 seconds
  Import took 0.015196 seconds .

========================================================================
Received Import Request.
  Time since last request: 5.467854 seconds.
  path: Assets/_StaticAssets/CustomModuleData.asset
  artifactKey: Guid(34b5ab6780eb3a44ba6e810c2b7bf359) Importer(815301076,1909f56bfc062723c751e8b465ee728b)
Start importing Assets/_StaticAssets/CustomModuleData.asset using Guid(34b5ab6780eb3a44ba6e810c2b7bf359) Importer(815301076,1909f56bfc062723c751e8b465ee728b)  -> (artifact id: 'cfc9bd20a9d8e43f388aaede8bb48ee2') in 0.005968 seconds
  Import took 0.007850 seconds .

========================================================================
Received Prepare
Registering precompiled user dll's ...
Registered in 0.000548 seconds.
Begin MonoManager ReloadAssembly
Native extension for WindowsStandalone target not found
Refreshing native plugins compatible for Editor in 0.28 ms, found 0 plugins.
Preloading 0 native plugins for Editor in 0.00 ms.
Mono: successfully reloaded assembly
- Completed reload, in  0.732 seconds
Platform modules already initialized, skipping
Refreshing native plugins compatible for Editor in 0.21 ms, found 0 plugins.
Preloading 0 native plugins for Editor in 0.00 ms.
Unloading 772 Unused Serialized files (Serialized files now loaded: 0)
System memory in use before: 59.3 MB.
System memory in use after: 59.3 MB.

Unloading 9 unused Assets to reduce memory usage. Loaded Objects now: 1344.
Total: 1.595300 ms (FindLiveObjects: 0.181900 ms CreateObjectMapping: 0.026200 ms MarkObjects: 1.369900 ms  DeleteObjects: 0.016400 ms)

========================================================================
Received Prepare
Registering precompiled user dll's ...
Registered in 0.000426 seconds.
Begin MonoManager ReloadAssembly
Native extension for WindowsStandalone target not found
Refreshing native plugins compatible for Editor in 0.18 ms, found 0 plugins.
Preloading 0 native plugins for Editor in 0.00 ms.
Mono: successfully reloaded assembly
- Completed reload, in  0.645 seconds
Platform modules already initialized, skipping
Refreshing native plugins compatible for Editor in 0.19 ms, found 0 plugins.
Preloading 0 native plugins for Editor in 0.00 ms.
Unloading 772 Unused Serialized files (Serialized files now loaded: 0)
System memory in use before: 59.2 MB.
System memory in use after: 59.3 MB.

Unloading 9 unused Assets to reduce memory usage. Loaded Objects now: 1347.
Total: 1.469100 ms (FindLiveObjects: 0.142800 ms CreateObjectMapping: 0.018900 ms MarkObjects: 1.291000 ms  DeleteObjects: 0.015600 ms)

========================================================================
Received Prepare
Registering precompiled user dll's ...
Registered in 0.000612 seconds.
Begin MonoManager ReloadAssembly
Native extension for WindowsStandalone target not found
Refreshing native plugins compatible for Editor in 0.19 ms, found 0 plugins.
Preloading 0 native plugins for Editor in 0.00 ms.
Mono: successfully reloaded assembly
- Completed reload, in  0.645 seconds
Platform modules already initialized, skipping
Refreshing native plugins compatible for Editor in 0.23 ms, found 0 plugins.
Preloading 0 native plugins for Editor in 0.00 ms.
Unloading 772 Unused Serialized files (Serialized files now loaded: 0)
System memory in use before: 59.2 MB.
System memory in use after: 59.3 MB.

Unloading 9 unused Assets to reduce memory usage. Loaded Objects now: 1350.
Total: 1.521200 ms (FindLiveObjects: 0.156400 ms CreateObjectMapping: 0.019300 ms MarkObjects: 1.327400 ms  DeleteObjects: 0.017400 ms)

========================================================================
Received Import Request.
  Time since last request: 261.438664 seconds.
  path: Assets/_StaticAssets/CustomModuleData.asset
  artifactKey: Guid(34b5ab6780eb3a44ba6e810c2b7bf359) Importer(815301076,1909f56bfc062723c751e8b465ee728b)
Start importing Assets/_StaticAssets/CustomModuleData.asset using Guid(34b5ab6780eb3a44ba6e810c2b7bf359) Importer(815301076,1909f56bfc062723c751e8b465ee728b)  -> (artifact id: 'e5f34bc86cbd2cff4efddf74d72f1518') in 0.023728 seconds
  Import took 0.026395 seconds .

========================================================================
Received Import Request.
  Time since last request: 388.308072 seconds.
  path: Assets/_StaticAssets/Modules.prefab
  artifactKey: Guid(725cfe7c328a8444fb1799957e7dd5d2) Importer(815301076,1909f56bfc062723c751e8b465ee728b)
Start importing Assets/_StaticAssets/Modules.prefab using Guid(725cfe7c328a8444fb1799957e7dd5d2) Importer(815301076,1909f56bfc062723c751e8b465ee728b)  -> (artifact id: '946a55f5a7b5124eba7a2513cca96949') in 0.047045 seconds
  Import took 0.071161 seconds .

========================================================================
Received Import Request.
  Time since last request: 10.213611 seconds.
  path: Assets/_StaticAssets/Modules.prefab
  artifactKey: Guid(725cfe7c328a8444fb1799957e7dd5d2) Importer(815301076,1909f56bfc062723c751e8b465ee728b)
Start importing Assets/_StaticAssets/Modules.prefab using Guid(725cfe7c328a8444fb1799957e7dd5d2) Importer(815301076,1909f56bfc062723c751e8b465ee728b)  -> (artifact id: '7e1815dddd11df36c7955f6e48941d3a') in 0.013437 seconds
  Import took 0.015556 seconds .

========================================================================
Received Prepare
Registering precompiled user dll's ...
Registered in 0.000522 seconds.
Begin MonoManager ReloadAssembly
Native extension for WindowsStandalone target not found
Refreshing native plugins compatible for Editor in 0.19 ms, found 0 plugins.
Preloading 0 native plugins for Editor in 0.00 ms.
Mono: successfully reloaded assembly
- Completed reload, in  0.651 seconds
Platform modules already initialized, skipping
Refreshing native plugins compatible for Editor in 0.21 ms, found 0 plugins.
Preloading 0 native plugins for Editor in 0.00 ms.
Unloading 772 Unused Serialized files (Serialized files now loaded: 0)
System memory in use before: 59.3 MB.
System memory in use after: 59.3 MB.

Unloading 9 unused Assets to reduce memory usage. Loaded Objects now: 1354.
Total: 2.262000 ms (FindLiveObjects: 0.147900 ms CreateObjectMapping: 0.034800 ms MarkObjects: 2.050100 ms  DeleteObjects: 0.028300 ms)

========================================================================
Received Prepare
Registering precompiled user dll's ...
Registered in 0.000323 seconds.
Begin MonoManager ReloadAssembly
Native extension for WindowsStandalone target not found
Refreshing native plugins compatible for Editor in 0.19 ms, found 0 plugins.
Preloading 0 native plugins for Editor in 0.00 ms.
Mono: successfully reloaded assembly
- Completed reload, in  0.639 seconds
Platform modules already initialized, skipping
Refreshing native plugins compatible for Editor in 0.19 ms, found 0 plugins.
Preloading 0 native plugins for Editor in 0.00 ms.
Unloading 772 Unused Serialized files (Serialized files now loaded: 0)
System memory in use before: 59.3 MB.
System memory in use after: 59.4 MB.

Unloading 9 unused Assets to reduce memory usage. Loaded Objects now: 1357.
Total: 1.364200 ms (FindLiveObjects: 0.140800 ms CreateObjectMapping: 0.019400 ms MarkObjects: 1.188800 ms  DeleteObjects: 0.014500 ms)

========================================================================
Received Prepare
Registering precompiled user dll's ...
Registered in 0.000434 seconds.
Begin MonoManager ReloadAssembly
Native extension for WindowsStandalone target not found
Refreshing native plugins compatible for Editor in 0.19 ms, found 0 plugins.
Preloading 0 native plugins for Editor in 0.00 ms.
Mono: successfully reloaded assembly
- Completed reload, in  0.634 seconds
Platform modules already initialized, skipping
Refreshing native plugins compatible for Editor in 0.20 ms, found 0 plugins.
Preloading 0 native plugins for Editor in 0.00 ms.
Unloading 772 Unused Serialized files (Serialized files now loaded: 0)
System memory in use before: 59.3 MB.
System memory in use after: 59.4 MB.

Unloading 9 unused Assets to reduce memory usage. Loaded Objects now: 1360.
Total: 1.660000 ms (FindLiveObjects: 0.147200 ms CreateObjectMapping: 0.024600 ms MarkObjects: 1.472100 ms  DeleteObjects: 0.015200 ms)

========================================================================
Received Prepare
Registering precompiled user dll's ...
Registered in 0.000427 seconds.
Begin MonoManager ReloadAssembly
Native extension for WindowsStandalone target not found
Refreshing native plugins compatible for Editor in 0.19 ms, found 0 plugins.
Preloading 0 native plugins for Editor in 0.00 ms.
Mono: successfully reloaded assembly
- Completed reload, in  0.644 seconds
Platform modules already initialized, skipping
Refreshing native plugins compatible for Editor in 0.21 ms, found 0 plugins.
Preloading 0 native plugins for Editor in 0.00 ms.
Unloading 772 Unused Serialized files (Serialized files now loaded: 0)
System memory in use before: 59.4 MB.
System memory in use after: 59.5 MB.

Unloading 9 unused Assets to reduce memory usage. Loaded Objects now: 1363.
Total: 1.386600 ms (FindLiveObjects: 0.136200 ms CreateObjectMapping: 0.022600 ms MarkObjects: 1.212500 ms  DeleteObjects: 0.014600 ms)

========================================================================
Received Import Request.
  Time since last request: 1871.020337 seconds.
  path: Assets/_StaticAssets/CustomModuleData.asset
  artifactKey: Guid(34b5ab6780eb3a44ba6e810c2b7bf359) Importer(815301076,1909f56bfc062723c751e8b465ee728b)
Start importing Assets/_StaticAssets/CustomModuleData.asset using Guid(34b5ab6780eb3a44ba6e810c2b7bf359) Importer(815301076,1909f56bfc062723c751e8b465ee728b)  -> (artifact id: '3f894fa07e0eaa34fdec35fc6b3efcb9') in 0.026887 seconds
  Import took 0.029094 seconds .

========================================================================
Received Prepare
Registering precompiled user dll's ...
Registered in 0.000388 seconds.
Begin MonoManager ReloadAssembly
Native extension for WindowsStandalone target not found
Refreshing native plugins compatible for Editor in 0.25 ms, found 0 plugins.
Preloading 0 native plugins for Editor in 0.00 ms.
Mono: successfully reloaded assembly
- Completed reload, in  0.673 seconds
Platform modules already initialized, skipping
Refreshing native plugins compatible for Editor in 0.19 ms, found 0 plugins.
Preloading 0 native plugins for Editor in 0.00 ms.
Unloading 772 Unused Serialized files (Serialized files now loaded: 0)
System memory in use before: 59.3 MB.
System memory in use after: 59.4 MB.

Unloading 9 unused Assets to reduce memory usage. Loaded Objects now: 1366.
Total: 1.498600 ms (FindLiveObjects: 0.151300 ms CreateObjectMapping: 0.026900 ms MarkObjects: 1.303500 ms  DeleteObjects: 0.016100 ms)

========================================================================
Received Import Request.
  Time since last request: 61.831707 seconds.
  path: Assets/_StaticAssets/CustomModuleData.asset
  artifactKey: Guid(34b5ab6780eb3a44ba6e810c2b7bf359) Importer(815301076,1909f56bfc062723c751e8b465ee728b)
Start importing Assets/_StaticAssets/CustomModuleData.asset using Guid(34b5ab6780eb3a44ba6e810c2b7bf359) Importer(815301076,1909f56bfc062723c751e8b465ee728b)  -> (artifact id: 'd64b204afb5030c8cd7f8437d4ad8594') in 0.019950 seconds
  Import took 0.031899 seconds .

========================================================================
Received Prepare
Registering precompiled user dll's ...
Registered in 0.000473 seconds.
Begin MonoManager ReloadAssembly
Native extension for WindowsStandalone target not found
Refreshing native plugins compatible for Editor in 0.28 ms, found 0 plugins.
Preloading 0 native plugins for Editor in 0.00 ms.
Mono: successfully reloaded assembly
- Completed reload, in  0.640 seconds
Platform modules already initialized, skipping
Refreshing native plugins compatible for Editor in 0.29 ms, found 0 plugins.
Preloading 0 native plugins for Editor in 0.00 ms.
Unloading 772 Unused Serialized files (Serialized files now loaded: 0)
System memory in use before: 59.3 MB.
System memory in use after: 59.4 MB.

Unloading 9 unused Assets to reduce memory usage. Loaded Objects now: 1369.
Total: 1.698900 ms (FindLiveObjects: 0.185300 ms CreateObjectMapping: 0.024300 ms MarkObjects: 1.473400 ms  DeleteObjects: 0.015100 ms)

========================================================================
Received Import Request.
  Time since last request: 242.365044 seconds.
  path: Assets/_StaticAssets/CustomModuleData.asset
  artifactKey: Guid(34b5ab6780eb3a44ba6e810c2b7bf359) Importer(815301076,1909f56bfc062723c751e8b465ee728b)
Start importing Assets/_StaticAssets/CustomModuleData.asset using Guid(34b5ab6780eb3a44ba6e810c2b7bf359) Importer(815301076,1909f56bfc062723c751e8b465ee728b)  -> (artifact id: 'd665a34a194149827ebd500bd92b7fc3') in 0.020122 seconds
  Import took 0.022381 seconds .

========================================================================
Received Import Request.
  Time since last request: 66.886689 seconds.
  path: Assets/_StaticAssets/Modules.prefab
  artifactKey: Guid(725cfe7c328a8444fb1799957e7dd5d2) Importer(815301076,1909f56bfc062723c751e8b465ee728b)
Start importing Assets/_StaticAssets/Modules.prefab using Guid(725cfe7c328a8444fb1799957e7dd5d2) Importer(815301076,1909f56bfc062723c751e8b465ee728b)  -> (artifact id: '98607c95de168ae63c4b1c2f7e0c8d81') in 0.056733 seconds
  Import took 0.071541 seconds .

========================================================================
Received Import Request.
  Time since last request: 6.736380 seconds.
  path: Assets/_StaticAssets/CustomModuleData.asset
  artifactKey: Guid(34b5ab6780eb3a44ba6e810c2b7bf359) Importer(815301076,1909f56bfc062723c751e8b465ee728b)
Start importing Assets/_StaticAssets/CustomModuleData.asset using Guid(34b5ab6780eb3a44ba6e810c2b7bf359) Importer(815301076,1909f56bfc062723c751e8b465ee728b)  -> (artifact id: 'a7da7bfbaa06438b9120c790230409d1') in 0.015171 seconds
  Import took 0.017554 seconds .

========================================================================
Received Import Request.
  Time since last request: 0.016936 seconds.
  path: Assets/_StaticAssets/CustomModuleData.asset
  artifactKey: Guid(34b5ab6780eb3a44ba6e810c2b7bf359) Importer(815301076,1909f56bfc062723c751e8b465ee728b)
Start importing Assets/_StaticAssets/CustomModuleData.asset using Guid(34b5ab6780eb3a44ba6e810c2b7bf359) Importer(815301076,1909f56bfc062723c751e8b465ee728b)  -> (artifact id: 'a7da7bfbaa06438b9120c790230409d1') in 0.014702 seconds
  Import took 0.016870 seconds .

========================================================================
Received Import Request.
  Time since last request: 309.540670 seconds.
  path: Assets/_StaticAssets/Modules.prefab
  artifactKey: Guid(725cfe7c328a8444fb1799957e7dd5d2) Importer(815301076,1909f56bfc062723c751e8b465ee728b)
Start importing Assets/_StaticAssets/Modules.prefab using Guid(725cfe7c328a8444fb1799957e7dd5d2) Importer(815301076,1909f56bfc062723c751e8b465ee728b)  -> (artifact id: 'fc982db55b5a4f379d790966ddcb11a9') in 0.018238 seconds
  Import took 0.020507 seconds .

========================================================================
Received Import Request.
  Time since last request: 10.196997 seconds.
  path: Assets/_StaticAssets/CustomModuleData.asset
  artifactKey: Guid(34b5ab6780eb3a44ba6e810c2b7bf359) Importer(815301076,1909f56bfc062723c751e8b465ee728b)
Start importing Assets/_StaticAssets/CustomModuleData.asset using Guid(34b5ab6780eb3a44ba6e810c2b7bf359) Importer(815301076,1909f56bfc062723c751e8b465ee728b)  -> (artifact id: 'faf80380cabcf713df1f8e7ee79a6ca7') in 0.006757 seconds
  Import took 0.008759 seconds .

========================================================================
Received Import Request.
  Time since last request: 0.003938 seconds.
  path: Assets/_StaticAssets/CustomModuleData.asset
  artifactKey: Guid(34b5ab6780eb3a44ba6e810c2b7bf359) Importer(815301076,1909f56bfc062723c751e8b465ee728b)
Start importing Assets/_StaticAssets/CustomModuleData.asset using Guid(34b5ab6780eb3a44ba6e810c2b7bf359) Importer(815301076,1909f56bfc062723c751e8b465ee728b)  -> (artifact id: 'faf80380cabcf713df1f8e7ee79a6ca7') in 0.006145 seconds
  Import took 0.007698 seconds .

========================================================================
Received Prepare
Registering precompiled user dll's ...
Registered in 0.000466 seconds.
Begin MonoManager ReloadAssembly
Native extension for WindowsStandalone target not found
Refreshing native plugins compatible for Editor in 0.18 ms, found 0 plugins.
Preloading 0 native plugins for Editor in 0.00 ms.
Mono: successfully reloaded assembly
- Completed reload, in  0.633 seconds
Platform modules already initialized, skipping
Refreshing native plugins compatible for Editor in 0.21 ms, found 0 plugins.
Preloading 0 native plugins for Editor in 0.00 ms.
Unloading 772 Unused Serialized files (Serialized files now loaded: 0)
System memory in use before: 59.4 MB.
System memory in use after: 59.5 MB.

Unloading 9 unused Assets to reduce memory usage. Loaded Objects now: 1373.
Total: 1.656100 ms (FindLiveObjects: 0.134800 ms CreateObjectMapping: 0.023500 ms MarkObjects: 1.481500 ms  DeleteObjects: 0.015200 ms)

========================================================================
Received Import Request.
  Time since last request: 1338.272571 seconds.
  path: Assets/_StaticAssets/CustomModuleData.asset
  artifactKey: Guid(34b5ab6780eb3a44ba6e810c2b7bf359) Importer(815301076,1909f56bfc062723c751e8b465ee728b)
Start importing Assets/_StaticAssets/CustomModuleData.asset using Guid(34b5ab6780eb3a44ba6e810c2b7bf359) Importer(815301076,1909f56bfc062723c751e8b465ee728b)  -> (artifact id: '9b769a89ea01694ab3940ffaf1a3b110') in 0.019901 seconds
  Import took 0.022111 seconds .

========================================================================
Received Prepare
Registering precompiled user dll's ...
Registered in 0.000344 seconds.
Begin MonoManager ReloadAssembly
Native extension for WindowsStandalone target not found
Refreshing native plugins compatible for Editor in 0.18 ms, found 0 plugins.
Preloading 0 native plugins for Editor in 0.00 ms.
Mono: successfully reloaded assembly
- Completed reload, in  0.634 seconds
Platform modules already initialized, skipping
Refreshing native plugins compatible for Editor in 0.58 ms, found 0 plugins.
Preloading 0 native plugins for Editor in 0.00 ms.
Unloading 772 Unused Serialized files (Serialized files now loaded: 0)
System memory in use before: 59.4 MB.
System memory in use after: 59.5 MB.

Unloading 9 unused Assets to reduce memory usage. Loaded Objects now: 1376.
Total: 1.573000 ms (FindLiveObjects: 0.154900 ms CreateObjectMapping: 0.025100 ms MarkObjects: 1.371600 ms  DeleteObjects: 0.019900 ms)

========================================================================
Received Prepare
Registering precompiled user dll's ...
Registered in 0.000567 seconds.
Begin MonoManager ReloadAssembly
Native extension for WindowsStandalone target not found
Refreshing native plugins compatible for Editor in 0.19 ms, found 0 plugins.
Preloading 0 native plugins for Editor in 0.00 ms.
Mono: successfully reloaded assembly
- Completed reload, in  0.652 seconds
Platform modules already initialized, skipping
Refreshing native plugins compatible for Editor in 0.26 ms, found 0 plugins.
Preloading 0 native plugins for Editor in 0.00 ms.
Unloading 772 Unused Serialized files (Serialized files now loaded: 0)
System memory in use before: 59.4 MB.
System memory in use after: 59.5 MB.

Unloading 9 unused Assets to reduce memory usage. Loaded Objects now: 1379.
Total: 1.722600 ms (FindLiveObjects: 0.181300 ms CreateObjectMapping: 0.028200 ms MarkObjects: 1.495700 ms  DeleteObjects: 0.016500 ms)

========================================================================
Received Prepare
Registering precompiled user dll's ...
Registered in 0.000718 seconds.
Begin MonoManager ReloadAssembly
Native extension for WindowsStandalone target not found
Refreshing native plugins compatible for Editor in 0.20 ms, found 0 plugins.
Preloading 0 native plugins for Editor in 0.00 ms.
Mono: successfully reloaded assembly
- Completed reload, in  0.651 seconds
Platform modules already initialized, skipping
Refreshing native plugins compatible for Editor in 0.25 ms, found 0 plugins.
Preloading 0 native plugins for Editor in 0.00 ms.
Unloading 772 Unused Serialized files (Serialized files now loaded: 0)
System memory in use before: 59.4 MB.
System memory in use after: 59.5 MB.

Unloading 9 unused Assets to reduce memory usage. Loaded Objects now: 1382.
Total: 1.708500 ms (FindLiveObjects: 0.204700 ms CreateObjectMapping: 0.035300 ms MarkObjects: 1.450600 ms  DeleteObjects: 0.017000 ms)

========================================================================
Received Import Request.
  Time since last request: 839.596172 seconds.
  path: Assets/_StaticAssets/CustomModuleData.asset
  artifactKey: Guid(34b5ab6780eb3a44ba6e810c2b7bf359) Importer(815301076,1909f56bfc062723c751e8b465ee728b)
Start importing Assets/_StaticAssets/CustomModuleData.asset using Guid(34b5ab6780eb3a44ba6e810c2b7bf359) Importer(815301076,1909f56bfc062723c751e8b465ee728b)  -> (artifact id: 'dd2ad3376e9de0fb78120ac67d1967de') in 0.023238 seconds
  Import took 0.025626 seconds .

========================================================================
Received Import Request.
  Time since last request: 85.229616 seconds.
  path: Assets/_StaticAssets/CustomModuleData.asset
  artifactKey: Guid(34b5ab6780eb3a44ba6e810c2b7bf359) Importer(815301076,1909f56bfc062723c751e8b465ee728b)
Start importing Assets/_StaticAssets/CustomModuleData.asset using Guid(34b5ab6780eb3a44ba6e810c2b7bf359) Importer(815301076,1909f56bfc062723c751e8b465ee728b)  -> (artifact id: '5fac884789418fe824b3280df6d579aa') in 0.017467 seconds
  Import took 0.029156 seconds .

========================================================================
Received Import Request.
  Time since last request: 0.007337 seconds.
  path: Assets/_StaticAssets/CustomModuleData.asset
  artifactKey: Guid(34b5ab6780eb3a44ba6e810c2b7bf359) Importer(815301076,1909f56bfc062723c751e8b465ee728b)
Start importing Assets/_StaticAssets/CustomModuleData.asset using Guid(34b5ab6780eb3a44ba6e810c2b7bf359) Importer(815301076,1909f56bfc062723c751e8b465ee728b)  -> (artifact id: '5fac884789418fe824b3280df6d579aa') in 0.014691 seconds
  Import took 0.016663 seconds .

========================================================================
Received Prepare
Registering precompiled user dll's ...
Registered in 0.000475 seconds.
Begin MonoManager ReloadAssembly
Native extension for WindowsStandalone target not found
Refreshing native plugins compatible for Editor in 0.18 ms, found 0 plugins.
Preloading 0 native plugins for Editor in 0.00 ms.
Mono: successfully reloaded assembly
- Completed reload, in  0.685 seconds
Platform modules already initialized, skipping
Refreshing native plugins compatible for Editor in 0.21 ms, found 0 plugins.
Preloading 0 native plugins for Editor in 0.00 ms.
Unloading 772 Unused Serialized files (Serialized files now loaded: 0)
System memory in use before: 59.4 MB.
System memory in use after: 59.5 MB.

Unloading 9 unused Assets to reduce memory usage. Loaded Objects now: 1385.
Total: 1.701900 ms (FindLiveObjects: 0.162400 ms CreateObjectMapping: 0.027000 ms MarkObjects: 1.495100 ms  DeleteObjects: 0.016400 ms)

========================================================================
Received Prepare
Registering precompiled user dll's ...
Registered in 0.000521 seconds.
Begin MonoManager ReloadAssembly
Native extension for WindowsStandalone target not found
Refreshing native plugins compatible for Editor in 0.18 ms, found 0 plugins.
Preloading 0 native plugins for Editor in 0.00 ms.
Mono: successfully reloaded assembly
- Completed reload, in  0.645 seconds
Platform modules already initialized, skipping
Refreshing native plugins compatible for Editor in 0.21 ms, found 0 plugins.
Preloading 0 native plugins for Editor in 0.00 ms.
Unloading 772 Unused Serialized files (Serialized files now loaded: 0)
System memory in use before: 59.4 MB.
System memory in use after: 59.5 MB.

Unloading 9 unused Assets to reduce memory usage. Loaded Objects now: 1388.
Total: 1.713900 ms (FindLiveObjects: 0.239300 ms CreateObjectMapping: 0.031400 ms MarkObjects: 1.425500 ms  DeleteObjects: 0.016300 ms)

========================================================================
Received Prepare
Registering precompiled user dll's ...
Registered in 0.000332 seconds.
Begin MonoManager ReloadAssembly
Native extension for WindowsStandalone target not found
Refreshing native plugins compatible for Editor in 0.21 ms, found 0 plugins.
Preloading 0 native plugins for Editor in 0.00 ms.
Mono: successfully reloaded assembly
- Completed reload, in  0.956 seconds
Platform modules already initialized, skipping
Refreshing native plugins compatible for Editor in 0.29 ms, found 0 plugins.
Preloading 0 native plugins for Editor in 0.00 ms.
Unloading 772 Unused Serialized files (Serialized files now loaded: 0)
System memory in use before: 59.4 MB.
System memory in use after: 59.5 MB.

Unloading 9 unused Assets to reduce memory usage. Loaded Objects now: 1391.
Total: 1.745900 ms (FindLiveObjects: 0.173700 ms CreateObjectMapping: 0.025500 ms MarkObjects: 1.527300 ms  DeleteObjects: 0.018100 ms)

========================================================================
Received Prepare
Registering precompiled user dll's ...
Registered in 0.000594 seconds.
Begin MonoManager ReloadAssembly
Native extension for WindowsStandalone target not found
Refreshing native plugins compatible for Editor in 0.19 ms, found 0 plugins.
Preloading 0 native plugins for Editor in 0.00 ms.
Mono: successfully reloaded assembly
- Completed reload, in  0.629 seconds
Platform modules already initialized, skipping
Refreshing native plugins compatible for Editor in 0.27 ms, found 0 plugins.
Preloading 0 native plugins for Editor in 0.00 ms.
Unloading 772 Unused Serialized files (Serialized files now loaded: 0)
System memory in use before: 59.4 MB.
System memory in use after: 59.5 MB.

Unloading 9 unused Assets to reduce memory usage. Loaded Objects now: 1394.
Total: 1.531100 ms (FindLiveObjects: 0.158100 ms CreateObjectMapping: 0.028400 ms MarkObjects: 1.328000 ms  DeleteObjects: 0.015900 ms)

========================================================================
Received Import Request.
  Time since last request: 250.093467 seconds.
  path: Assets/_StaticAssets/CustomModuleData.asset
  artifactKey: Guid(34b5ab6780eb3a44ba6e810c2b7bf359) Importer(815301076,1909f56bfc062723c751e8b465ee728b)
Start importing Assets/_StaticAssets/CustomModuleData.asset using Guid(34b5ab6780eb3a44ba6e810c2b7bf359) Importer(815301076,1909f56bfc062723c751e8b465ee728b)  -> (artifact id: '56a2c89b46c70b2e88bd015a8c8f834f') in 0.035108 seconds
  Import took 0.037337 seconds .

========================================================================
Received Import Request.
  Time since last request: 0.036781 seconds.
  path: Assets/_StaticAssets/CustomModuleData.asset
  artifactKey: Guid(34b5ab6780eb3a44ba6e810c2b7bf359) Importer(815301076,1909f56bfc062723c751e8b465ee728b)
Start importing Assets/_StaticAssets/CustomModuleData.asset using Guid(34b5ab6780eb3a44ba6e810c2b7bf359) Importer(815301076,1909f56bfc062723c751e8b465ee728b)  -> (artifact id: '56a2c89b46c70b2e88bd015a8c8f834f') in 0.014538 seconds
  Import took 0.016550 seconds .

========================================================================
Received Prepare
Registering precompiled user dll's ...
Registered in 0.000322 seconds.
Begin MonoManager ReloadAssembly
Native extension for WindowsStandalone target not found
Refreshing native plugins compatible for Editor in 0.19 ms, found 0 plugins.
Preloading 0 native plugins for Editor in 0.00 ms.
Mono: successfully reloaded assembly
- Completed reload, in  0.664 seconds
Platform modules already initialized, skipping
Refreshing native plugins compatible for Editor in 0.21 ms, found 0 plugins.
Preloading 0 native plugins for Editor in 0.00 ms.
Unloading 772 Unused Serialized files (Serialized files now loaded: 0)
System memory in use before: 59.4 MB.
System memory in use after: 59.5 MB.

Unloading 9 unused Assets to reduce memory usage. Loaded Objects now: 1397.
Total: 1.712800 ms (FindLiveObjects: 0.276500 ms CreateObjectMapping: 0.046300 ms MarkObjects: 1.370000 ms  DeleteObjects: 0.018100 ms)

========================================================================
Received Import Request.
  Time since last request: 30.467520 seconds.
  path: Assets/_StaticAssets/CustomModuleData.asset
  artifactKey: Guid(34b5ab6780eb3a44ba6e810c2b7bf359) Importer(815301076,1909f56bfc062723c751e8b465ee728b)
Start importing Assets/_StaticAssets/CustomModuleData.asset using Guid(34b5ab6780eb3a44ba6e810c2b7bf359) Importer(815301076,1909f56bfc062723c751e8b465ee728b)  -> (artifact id: 'ba76830b05343447eeb0ba5d24213d60') in 0.029379 seconds
  Import took 0.031601 seconds .

========================================================================
Received Import Request.
  Time since last request: 0.042289 seconds.
  path: Assets/_StaticAssets/CustomModuleData.asset
  artifactKey: Guid(34b5ab6780eb3a44ba6e810c2b7bf359) Importer(815301076,1909f56bfc062723c751e8b465ee728b)
Start importing Assets/_StaticAssets/CustomModuleData.asset using Guid(34b5ab6780eb3a44ba6e810c2b7bf359) Importer(815301076,1909f56bfc062723c751e8b465ee728b)  -> (artifact id: 'ba76830b05343447eeb0ba5d24213d60') in 0.014461 seconds
  Import took 0.016440 seconds .

========================================================================
Received Prepare
Registering precompiled user dll's ...
Registered in 0.000414 seconds.
Begin MonoManager ReloadAssembly
Native extension for WindowsStandalone target not found
Refreshing native plugins compatible for Editor in 0.20 ms, found 0 plugins.
Preloading 0 native plugins for Editor in 0.00 ms.
Mono: successfully reloaded assembly
- Completed reload, in  0.654 seconds
Platform modules already initialized, skipping
Refreshing native plugins compatible for Editor in 0.26 ms, found 0 plugins.
Preloading 0 native plugins for Editor in 0.00 ms.
Unloading 772 Unused Serialized files (Serialized files now loaded: 0)
System memory in use before: 59.5 MB.
System memory in use after: 59.6 MB.

Unloading 9 unused Assets to reduce memory usage. Loaded Objects now: 1400.
Total: 2.226500 ms (FindLiveObjects: 0.159300 ms CreateObjectMapping: 0.028500 ms MarkObjects: 2.014200 ms  DeleteObjects: 0.022700 ms)

========================================================================
Received Import Request.
  Time since last request: 73.030080 seconds.
  path: Assets/_StaticAssets/CustomModuleData.asset
  artifactKey: Guid(34b5ab6780eb3a44ba6e810c2b7bf359) Importer(815301076,1909f56bfc062723c751e8b465ee728b)
Start importing Assets/_StaticAssets/CustomModuleData.asset using Guid(34b5ab6780eb3a44ba6e810c2b7bf359) Importer(815301076,1909f56bfc062723c751e8b465ee728b)  -> (artifact id: 'ae4a7c5e405390ff97a7e9b7135ad537') in 0.031160 seconds
  Import took 0.033315 seconds .

========================================================================
Received Prepare
Registering precompiled user dll's ...
Registered in 0.000533 seconds.
Begin MonoManager ReloadAssembly
Native extension for WindowsStandalone target not found
Refreshing native plugins compatible for Editor in 0.18 ms, found 0 plugins.
Preloading 0 native plugins for Editor in 0.00 ms.
Mono: successfully reloaded assembly
- Completed reload, in  0.630 seconds
Platform modules already initialized, skipping
Refreshing native plugins compatible for Editor in 0.24 ms, found 0 plugins.
Preloading 0 native plugins for Editor in 0.00 ms.
Unloading 772 Unused Serialized files (Serialized files now loaded: 0)
System memory in use before: 59.4 MB.
System memory in use after: 59.5 MB.

Unloading 9 unused Assets to reduce memory usage. Loaded Objects now: 1403.
Total: 2.095500 ms (FindLiveObjects: 0.229500 ms CreateObjectMapping: 0.030400 ms MarkObjects: 1.802200 ms  DeleteObjects: 0.031200 ms)

========================================================================
Received Prepare
Registering precompiled user dll's ...
Registered in 0.000329 seconds.
Begin MonoManager ReloadAssembly
Native extension for WindowsStandalone target not found
Refreshing native plugins compatible for Editor in 0.19 ms, found 0 plugins.
Preloading 0 native plugins for Editor in 0.00 ms.
Mono: successfully reloaded assembly
- Completed reload, in  0.638 seconds
Platform modules already initialized, skipping
Refreshing native plugins compatible for Editor in 0.21 ms, found 0 plugins.
Preloading 0 native plugins for Editor in 0.00 ms.
Unloading 772 Unused Serialized files (Serialized files now loaded: 0)
System memory in use before: 59.4 MB.
System memory in use after: 59.5 MB.

Unloading 9 unused Assets to reduce memory usage. Loaded Objects now: 1406.
Total: 1.537600 ms (FindLiveObjects: 0.167700 ms CreateObjectMapping: 0.029800 ms MarkObjects: 1.323900 ms  DeleteObjects: 0.015200 ms)

========================================================================
Received Import Request.
  Time since last request: 376.068702 seconds.
  path: Assets/_StaticAssets/CustomModuleData.asset
  artifactKey: Guid(34b5ab6780eb3a44ba6e810c2b7bf359) Importer(815301076,1909f56bfc062723c751e8b465ee728b)
Start importing Assets/_StaticAssets/CustomModuleData.asset using Guid(34b5ab6780eb3a44ba6e810c2b7bf359) Importer(815301076,1909f56bfc062723c751e8b465ee728b)  -> (artifact id: 'f7fc4907f7f6099330538b07ad2f561e') in 0.021051 seconds
  Import took 0.027533 seconds .

========================================================================
Received Prepare
Registering precompiled user dll's ...
Registered in 0.000390 seconds.
Begin MonoManager ReloadAssembly
Native extension for WindowsStandalone target not found
Refreshing native plugins compatible for Editor in 0.20 ms, found 0 plugins.
Preloading 0 native plugins for Editor in 0.00 ms.
Mono: successfully reloaded assembly
- Completed reload, in  0.652 seconds
Platform modules already initialized, skipping
Refreshing native plugins compatible for Editor in 0.20 ms, found 0 plugins.
Preloading 0 native plugins for Editor in 0.00 ms.
Unloading 772 Unused Serialized files (Serialized files now loaded: 0)
System memory in use before: 59.5 MB.
System memory in use after: 59.6 MB.

Unloading 9 unused Assets to reduce memory usage. Loaded Objects now: 1409.
Total: 1.629500 ms (FindLiveObjects: 0.184200 ms CreateObjectMapping: 0.028700 ms MarkObjects: 1.397000 ms  DeleteObjects: 0.018500 ms)

========================================================================
Received Import Request.
  Time since last request: 134.971338 seconds.
  path: Assets/_StaticAssets/CustomModuleData.asset
  artifactKey: Guid(34b5ab6780eb3a44ba6e810c2b7bf359) Importer(815301076,1909f56bfc062723c751e8b465ee728b)
Start importing Assets/_StaticAssets/CustomModuleData.asset using Guid(34b5ab6780eb3a44ba6e810c2b7bf359) Importer(815301076,1909f56bfc062723c751e8b465ee728b)  -> (artifact id: 'bdca9c5d22d9f104f8a30b7559d236c9') in 0.019238 seconds
  Import took 0.107660 seconds .

