Using pre-set license
Built from '2020.3/staging' branch; Version is '2020.3.9f1 (108be757e447) revision 1084391'; Using compiler version '192528614'; Build Type 'Release'
OS: 'Windows 10 Pro; OS build 19043.1110; Version 2009; 64bit' Language: 'zh' Physical Memory: 16332 MB
BatchMode: 1, IsHumanControllingUs: 0, StartBugReporterOnCrash: 0, Is64bit: 1, IsPro: 0

 COMMAND LINE ARGUMENTS:
C:\Program Files\Unity\Hub\Editor\2020.3.9f1\Editor\Unity.exe
-adb2
-batchMode
-noUpm
-name
AssetImportWorker0
-projectPath
D:/dev/unity-projects/wfc-editor
-logFile
Logs/AssetImportWorker0.log
-srvPort
11978
Successfully changed project path to: D:/dev/unity-projects/wfc-editor
D:/dev/unity-projects/wfc-editor
Using Asset Import Pipeline V2.
Refreshing native plugins compatible for Editor in 13.47 ms, found 0 plugins.
Preloading 0 native plugins for Editor in 0.00 ms.
Initialize engine version: 2020.3.9f1 (108be757e447)
[Subsystems] Discovering subsystems at path C:/Program Files/Unity/Hub/Editor/2020.3.9f1/Editor/Data/Resources/UnitySubsystems
[Subsystems] Discovering subsystems at path D:/dev/unity-projects/wfc-editor/Assets
GfxDevice: creating device client; threaded=0
Direct3D:
    Version:  Direct3D 11.0 [level 11.1]
    Renderer: NVIDIA GeForce GTX 1660 (ID=0x2184)
    Vendor:   
    VRAM:     5991 MB
    Driver:   27.21.14.5671
Initialize mono
Mono path[0] = 'C:/Program Files/Unity/Hub/Editor/2020.3.9f1/Editor/Data/Managed'
Mono path[1] = 'C:/Program Files/Unity/Hub/Editor/2020.3.9f1/Editor/Data/MonoBleedingEdge/lib/mono/unityjit'
Mono config path = 'C:/Program Files/Unity/Hub/Editor/2020.3.9f1/Editor/Data/MonoBleedingEdge/etc'
Using monoOptions --debugger-agent=transport=dt_socket,embedding=1,server=y,suspend=n,address=127.0.0.1:56276
Begin MonoManager ReloadAssembly
Registering precompiled unity dll's ...
Register platform support module: C:/Program Files/Unity/Hub/Editor/2020.3.9f1/Editor/Data/PlaybackEngines/WindowsStandaloneSupport/UnityEditor.WindowsStandalone.Extensions.dll
Registered in 0.001671 seconds.
Native extension for WindowsStandalone target not found
Refreshing native plugins compatible for Editor in 12.20 ms, found 0 plugins.
Preloading 0 native plugins for Editor in 0.00 ms.
Mono: successfully reloaded assembly
- Completed reload, in  1.744 seconds
Platform modules already initialized, skipping
Registering precompiled user dll's ...
Registered in 0.000324 seconds.
Begin MonoManager ReloadAssembly
Native extension for WindowsStandalone target not found
Refreshing native plugins compatible for Editor in 0.20 ms, found 0 plugins.
Preloading 0 native plugins for Editor in 0.00 ms.
Mono: successfully reloaded assembly
- Completed reload, in  0.689 seconds
Platform modules already initialized, skipping
========================================================================
Worker process is ready to serve import requests
Launched and connected shader compiler UnityShaderCompiler.exe after 0.05 seconds
Refreshing native plugins compatible for Editor in 0.18 ms, found 0 plugins.
Preloading 0 native plugins for Editor in 0.00 ms.
Unloading 805 Unused Serialized files (Serialized files now loaded: 0)
System memory in use before: 58.7 MB.
System memory in use after: 58.7 MB.

Unloading 14 unused Assets to reduce memory usage. Loaded Objects now: 1245.
Total: 1.768400 ms (FindLiveObjects: 0.115200 ms CreateObjectMapping: 0.017500 ms MarkObjects: 1.550400 ms  DeleteObjects: 0.084000 ms)

========================================================================
Received Import Request.
  path: Assets/_StaticAssets/Modules.prefab
  artifactKey: Guid(725cfe7c328a8444fb1799957e7dd5d2) Importer(815301076,1909f56bfc062723c751e8b465ee728b)
Start importing Assets/_StaticAssets/Modules.prefab using Guid(725cfe7c328a8444fb1799957e7dd5d2) Importer(815301076,1909f56bfc062723c751e8b465ee728b)  -> (artifact id: '2fe5f2e2c9a481d0b22a36f9f64f7534') in 0.095111 seconds
  Import took 0.126465 seconds .

========================================================================
Received Prepare
Registering precompiled user dll's ...
Registered in 0.000308 seconds.
Begin MonoManager ReloadAssembly
Native extension for WindowsStandalone target not found
Refreshing native plugins compatible for Editor in 0.19 ms, found 0 plugins.
Preloading 0 native plugins for Editor in 0.00 ms.
Mono: successfully reloaded assembly
- Completed reload, in  0.641 seconds
Platform modules already initialized, skipping
Refreshing native plugins compatible for Editor in 0.17 ms, found 0 plugins.
Preloading 0 native plugins for Editor in 0.00 ms.
Unloading 773 Unused Serialized files (Serialized files now loaded: 0)
System memory in use before: 59.2 MB.
System memory in use after: 59.2 MB.

Unloading 9 unused Assets to reduce memory usage. Loaded Objects now: 1255.
Total: 1.369300 ms (FindLiveObjects: 0.126800 ms CreateObjectMapping: 0.019000 ms MarkObjects: 1.208200 ms  DeleteObjects: 0.014200 ms)

========================================================================
Received Import Request.
  Time since last request: 31.866278 seconds.
  path: Assets/_StaticAssets/CustomModuleData.asset
  artifactKey: Guid(34b5ab6780eb3a44ba6e810c2b7bf359) Importer(815301076,1909f56bfc062723c751e8b465ee728b)
Start importing Assets/_StaticAssets/CustomModuleData.asset using Guid(34b5ab6780eb3a44ba6e810c2b7bf359) Importer(815301076,1909f56bfc062723c751e8b465ee728b)  -> (artifact id: '0291f43e85fd95a7ee180f70f3f441bb') in 0.035047 seconds
  Import took 0.126640 seconds .

========================================================================
Received Import Request.
  Time since last request: 42.149354 seconds.
  path: Assets/_StaticAssets/Modules.prefab
  artifactKey: Guid(725cfe7c328a8444fb1799957e7dd5d2) Importer(815301076,1909f56bfc062723c751e8b465ee728b)
Start importing Assets/_StaticAssets/Modules.prefab using Guid(725cfe7c328a8444fb1799957e7dd5d2) Importer(815301076,1909f56bfc062723c751e8b465ee728b)  -> (artifact id: '70f125fb13f9ed77855edbe8b2bde677') in 0.045480 seconds
  Import took 0.058088 seconds .

========================================================================
Received Import Request.
  Time since last request: 30.304415 seconds.
  path: Assets/_StaticAssets/CustomModuleData.asset
  artifactKey: Guid(34b5ab6780eb3a44ba6e810c2b7bf359) Importer(815301076,1909f56bfc062723c751e8b465ee728b)
Start importing Assets/_StaticAssets/CustomModuleData.asset using Guid(34b5ab6780eb3a44ba6e810c2b7bf359) Importer(815301076,1909f56bfc062723c751e8b465ee728b)  -> (artifact id: 'e0e0ea5afdb58dfe99f957799751050d') in 0.015680 seconds
  Import took 0.018000 seconds .

========================================================================
Received Import Request.
  Time since last request: 35.259361 seconds.
  path: Assets/_StaticAssets/Modules.prefab
  artifactKey: Guid(725cfe7c328a8444fb1799957e7dd5d2) Importer(815301076,1909f56bfc062723c751e8b465ee728b)
Start importing Assets/_StaticAssets/Modules.prefab using Guid(725cfe7c328a8444fb1799957e7dd5d2) Importer(815301076,1909f56bfc062723c751e8b465ee728b)  -> (artifact id: '8e2127bc81ab6d07ff429cf90d297051') in 0.012771 seconds
  Import took 0.014787 seconds .

========================================================================
Received Import Request.
  Time since last request: 0.000470 seconds.
  path: Assets/_StaticAssets/Modules.prefab
  artifactKey: Guid(725cfe7c328a8444fb1799957e7dd5d2) Importer(815301076,1909f56bfc062723c751e8b465ee728b)
Start importing Assets/_StaticAssets/Modules.prefab using Guid(725cfe7c328a8444fb1799957e7dd5d2) Importer(815301076,1909f56bfc062723c751e8b465ee728b)  -> (artifact id: '8e2127bc81ab6d07ff429cf90d297051') in 0.013301 seconds
  Import took 0.015378 seconds .

========================================================================
Received Import Request.
  Time since last request: 66.276474 seconds.
  path: Assets/_StaticAssets/CustomModuleData.asset
  artifactKey: Guid(34b5ab6780eb3a44ba6e810c2b7bf359) Importer(815301076,1909f56bfc062723c751e8b465ee728b)
Start importing Assets/_StaticAssets/CustomModuleData.asset using Guid(34b5ab6780eb3a44ba6e810c2b7bf359) Importer(815301076,1909f56bfc062723c751e8b465ee728b)  -> (artifact id: '22bc6e53ce06dba80163c2a53dd1f403') in 0.016800 seconds
  Import took 0.019131 seconds .

========================================================================
Received Prepare
Registering precompiled user dll's ...
Registered in 0.000516 seconds.
Begin MonoManager ReloadAssembly
Native extension for WindowsStandalone target not found
Refreshing native plugins compatible for Editor in 0.19 ms, found 0 plugins.
Preloading 0 native plugins for Editor in 0.00 ms.
Mono: successfully reloaded assembly
- Completed reload, in  0.652 seconds
Platform modules already initialized, skipping
Refreshing native plugins compatible for Editor in 0.19 ms, found 0 plugins.
Preloading 0 native plugins for Editor in 0.00 ms.
Unloading 773 Unused Serialized files (Serialized files now loaded: 0)
System memory in use before: 59.2 MB.
System memory in use after: 59.2 MB.

Unloading 9 unused Assets to reduce memory usage. Loaded Objects now: 1259.
Total: 1.391200 ms (FindLiveObjects: 0.119000 ms CreateObjectMapping: 0.018400 ms MarkObjects: 1.238400 ms  DeleteObjects: 0.014400 ms)

